<?xml version="1.0" encoding="UTF-8"?>
<testsuite name="com.pfc.service.IbanValidatorServiceTest" tests="1" skipped="0" failures="0" errors="0" timestamp="2022-01-23T21:16:23" hostname="CSPIRIDON-MD6M.local" time="0.01">
  <properties/>
  <testcase name="name()" classname="com.pfc.service.IbanValidatorServiceTest" time="0.01"/>
  <system-out><![CDATA[]]></system-out>
  <system-err><![CDATA[]]></system-err>
</testsuite>
